<?xml version="1.0" encoding="UTF-8"?>
<coverage generated="1753597072230" clover="3.2.0">
  <project timestamp="1753597072230" name="All files">
    <metrics statements="74" coveredstatements="72" conditionals="24" coveredconditionals="21" methods="20" coveredmethods="18" elements="118" coveredelements="111" complexity="0" loc="74" ncloc="74" packages="4" files="6" classes="6"/>
    <package name="src">
      <metrics statements="22" coveredstatements="21" conditionals="7" coveredconditionals="5" methods="6" coveredmethods="5"/>
      <file name="Checkout.ts" path="/Users/archiesdubey/Desktop/Code.nosync/Store-checkout/src/Checkout.ts">
        <metrics statements="22" coveredstatements="21" conditionals="7" coveredconditionals="5" methods="6" coveredmethods="5"/>
        <line num="2" count="1" type="stmt"/>
        <line num="6" count="1" type="stmt"/>
        <line num="8" count="1" type="stmt"/>
        <line num="9" count="17" type="stmt"/>
        <line num="14" count="17" type="stmt"/>
        <line num="15" count="17" type="cond" truecount="1" falsecount="1"/>
        <line num="19" count="65" type="cond" truecount="2" falsecount="0"/>
        <line num="20" count="1" type="stmt"/>
        <line num="23" count="64" type="cond" truecount="2" falsecount="0"/>
        <line num="24" count="64" type="stmt"/>
        <line num="28" count="16" type="stmt"/>
        <line num="30" count="16" type="stmt"/>
        <line num="31" count="21" type="stmt"/>
        <line num="32" count="42" type="stmt"/>
        <line num="34" count="21" type="stmt"/>
        <line num="37" count="21" type="stmt"/>
        <line num="38" count="14" type="stmt"/>
        <line num="39" count="14" type="stmt"/>
        <line num="42" count="21" type="stmt"/>
        <line num="45" count="16" type="stmt"/>
        <line num="50" count="0" type="stmt"/>
        <line num="55" count="2" type="stmt"/>
      </file>
    </package>
    <package name="src.models">
      <metrics statements="6" coveredstatements="6" conditionals="2" coveredconditionals="2" methods="1" coveredmethods="1"/>
      <file name="Product.ts" path="/Users/archiesdubey/Desktop/Code.nosync/Store-checkout/src/models/Product.ts">
        <metrics statements="6" coveredstatements="6" conditionals="2" coveredconditionals="2" methods="1" coveredmethods="1"/>
        <line num="3" count="1" type="stmt"/>
        <line num="9" count="81" type="cond" truecount="2" falsecount="0"/>
        <line num="10" count="1" type="stmt"/>
        <line num="12" count="80" type="stmt"/>
        <line num="13" count="80" type="stmt"/>
        <line num="14" count="80" type="stmt"/>
      </file>
    </package>
    <package name="src.pricing-rules">
      <metrics statements="30" coveredstatements="30" conditionals="13" coveredconditionals="12" methods="6" coveredmethods="6"/>
      <file name="BulkDiscountRule.ts" path="/Users/archiesdubey/Desktop/Code.nosync/Store-checkout/src/pricing-rules/BulkDiscountRule.ts">
        <metrics statements="13" coveredstatements="13" conditionals="6" coveredconditionals="6" methods="2" coveredmethods="2"/>
        <line num="1" count="1" type="stmt"/>
        <line num="3" count="1" type="stmt"/>
        <line num="7" count="21" type="stmt"/>
        <line num="10" count="21" type="stmt"/>
        <line num="11" count="21" type="stmt"/>
        <line num="12" count="21" type="stmt"/>
        <line num="14" count="21" type="cond" truecount="2" falsecount="0"/>
        <line num="15" count="1" type="stmt"/>
        <line num="17" count="20" type="cond" truecount="2" falsecount="0"/>
        <line num="18" count="1" type="stmt"/>
        <line num="23" count="9" type="cond" truecount="2" falsecount="0"/>
        <line num="24" count="6" type="stmt"/>
        <line num="26" count="3" type="stmt"/>
      </file>
      <file name="BuyXGetYFreeRule.ts" path="/Users/archiesdubey/Desktop/Code.nosync/Store-checkout/src/pricing-rules/BuyXGetYFreeRule.ts">
        <metrics statements="14" coveredstatements="14" conditionals="7" coveredconditionals="6" methods="2" coveredmethods="2"/>
        <line num="1" count="1" type="stmt"/>
        <line num="3" count="1" type="stmt"/>
        <line num="8" count="21" type="stmt"/>
        <line num="9" count="21" type="stmt"/>
        <line num="10" count="21" type="stmt"/>
        <line num="12" count="21" type="cond" truecount="4" falsecount="0"/>
        <line num="13" count="2" type="stmt"/>
        <line num="18" count="13" type="cond" truecount="2" falsecount="0"/>
        <line num="19" count="2" type="stmt"/>
        <line num="22" count="11" type="stmt"/>
        <line num="23" count="11" type="stmt"/>
        <line num="24" count="11" type="stmt"/>
        <line num="26" count="11" type="stmt"/>
        <line num="29" count="11" type="stmt"/>
      </file>
      <file name="PricingRule.ts" path="/Users/archiesdubey/Desktop/Code.nosync/Store-checkout/src/pricing-rules/PricingRule.ts">
        <metrics statements="3" coveredstatements="3" conditionals="0" coveredconditionals="0" methods="2" coveredmethods="2"/>
        <line num="3" count="1" type="stmt"/>
        <line num="4" count="42" type="stmt"/>
        <line num="7" count="42" type="stmt"/>
      </file>
    </package>
    <package name="src.services">
      <metrics statements="16" coveredstatements="15" conditionals="2" coveredconditionals="2" methods="7" coveredmethods="6"/>
      <file name="ProductCatalog.ts" path="/Users/archiesdubey/Desktop/Code.nosync/Store-checkout/src/services/ProductCatalog.ts">
        <metrics statements="16" coveredstatements="15" conditionals="2" coveredconditionals="2" methods="7" coveredmethods="6"/>
        <line num="2" count="1" type="stmt"/>
        <line num="3" count="1" type="stmt"/>
        <line num="5" count="1" type="stmt"/>
        <line num="6" count="20" type="stmt"/>
        <line num="9" count="20" type="stmt"/>
        <line num="10" count="80" type="stmt"/>
        <line num="15" count="20" type="stmt"/>
        <line num="16" count="20" type="stmt"/>
        <line num="17" count="80" type="stmt"/>
        <line num="19" count="20" type="stmt"/>
        <line num="23" count="0" type="stmt"/>
        <line num="27" count="23" type="stmt"/>
        <line num="28" count="23" type="cond" truecount="2" falsecount="0"/>
        <line num="29" count="1" type="stmt"/>
        <line num="31" count="22" type="stmt"/>
        <line num="35" count="69" type="stmt"/>
      </file>
    </package>
  </project>
</coverage>
