{"/Users/archiesdubey/Desktop/Code.nosync/Store-checkout/src/Checkout.ts": {"path":"/Users/archiesdubey/Desktop/Code.nosync/Store-checkout/src/Checkout.ts","statementMap":{"0":{"start":{"line":2,"column":0},"end":{"line":2,"column":59}},"1":{"start":{"line":6,"column":0},"end":{"line":6,"column":29}},"2":{"start":{"line":9,"column":10},"end":{"line":9,"column":56}},"3":{"start":{"line":14,"column":4},"end":{"line":14,"column":37}},"4":{"start":{"line":15,"column":4},"end":{"line":15,"column":111}},"5":{"start":{"line":19,"column":4},"end":{"line":21,"column":5}},"6":{"start":{"line":20,"column":6},"end":{"line":20,"column":61}},"7":{"start":{"line":23,"column":28},"end":{"line":23,"column":59}},"8":{"start":{"line":24,"column":4},"end":{"line":24,"column":52}},"9":{"start":{"line":28,"column":23},"end":{"line":28,"column":24}},"10":{"start":{"line":30,"column":4},"end":{"line":43,"column":5}},"11":{"start":{"line":31,"column":22},"end":{"line":31,"column":58}},"12":{"start":{"line":32,"column":30},"end":{"line":32,"column":81}},"13":{"start":{"line":32,"column":63},"end":{"line":32,"column":80}},"14":{"start":{"line":34,"column":29},"end":{"line":34,"column":60}},"15":{"start":{"line":37,"column":6},"end":{"line":40,"column":7}},"16":{"start":{"line":38,"column":33},"end":{"line":38,"column":84}},"17":{"start":{"line":39,"column":8},"end":{"line":39,"column":72}},"18":{"start":{"line":42,"column":6},"end":{"line":42,"column":39}},"19":{"start":{"line":45,"column":4},"end":{"line":45,"column":30}},"20":{"start":{"line":50,"column":4},"end":{"line":50,"column":38}},"21":{"start":{"line":55,"column":4},"end":{"line":55,"column":30}},"22":{"start":{"line":8,"column":0},"end":{"line":8,"column":13}}},"fnMap":{"0":{"name":"(anonymous_9)","decl":{"start":{"line":13,"column":2},"end":{"line":13,"column":14}},"loc":{"start":{"line":13,"column":79},"end":{"line":16,"column":3}}},"1":{"name":"(anonymous_10)","decl":{"start":{"line":18,"column":2},"end":{"line":18,"column":6}},"loc":{"start":{"line":18,"column":18},"end":{"line":25,"column":3}}},"2":{"name":"(anonymous_11)","decl":{"start":{"line":27,"column":2},"end":{"line":27,"column":7}},"loc":{"start":{"line":27,"column":7},"end":{"line":46,"column":3}}},"3":{"name":"(anonymous_12)","decl":{"start":{"line":32,"column":55},"end":{"line":32,"column":59}},"loc":{"start":{"line":32,"column":63},"end":{"line":32,"column":80}}},"4":{"name":"(anonymous_13)","decl":{"start":{"line":49,"column":2},"end":{"line":49,"column":17}},"loc":{"start":{"line":49,"column":17},"end":{"line":51,"column":3}}},"5":{"name":"(anonymous_14)","decl":{"start":{"line":54,"column":2},"end":{"line":54,"column":7}},"loc":{"start":{"line":54,"column":7},"end":{"line":56,"column":3}}}},"branchMap":{"0":{"loc":{"start":{"line":13,"column":14},"end":{"line":13,"column":46}},"type":"default-arg","locations":[{"start":{"line":13,"column":44},"end":{"line":13,"column":46}}]},"1":{"loc":{"start":{"line":15,"column":26},"end":{"line":15,"column":110}},"type":"binary-expr","locations":[{"start":{"line":15,"column":26},"end":{"line":15,"column":40}},{"start":{"line":15,"column":44},"end":{"line":15,"column":110}}]},"2":{"loc":{"start":{"line":19,"column":4},"end":{"line":21,"column":5}},"type":"if","locations":[{"start":{"line":19,"column":4},"end":{"line":21,"column":5}},{"start":{},"end":{}}]},"3":{"loc":{"start":{"line":23,"column":28},"end":{"line":23,"column":59}},"type":"binary-expr","locations":[{"start":{"line":23,"column":28},"end":{"line":23,"column":54}},{"start":{"line":23,"column":58},"end":{"line":23,"column":59}}]}},"s":{"0":1,"1":1,"2":17,"3":17,"4":17,"5":65,"6":1,"7":64,"8":64,"9":16,"10":16,"11":21,"12":21,"13":42,"14":21,"15":21,"16":14,"17":14,"18":21,"19":16,"20":0,"21":2,"22":1},"f":{"0":17,"1":65,"2":16,"3":42,"4":0,"5":2},"b":{"0":[0],"1":[17,0],"2":[1,64],"3":[64,24]}}
,"/Users/archiesdubey/Desktop/Code.nosync/Store-checkout/src/models/Product.ts": {"path":"/Users/archiesdubey/Desktop/Code.nosync/Store-checkout/src/models/Product.ts","statementMap":{"0":{"start":{"line":9,"column":4},"end":{"line":11,"column":5}},"1":{"start":{"line":10,"column":6},"end":{"line":10,"column":58}},"2":{"start":{"line":12,"column":4},"end":{"line":12,"column":19}},"3":{"start":{"line":13,"column":4},"end":{"line":13,"column":21}},"4":{"start":{"line":14,"column":4},"end":{"line":14,"column":57}},"5":{"start":{"line":3,"column":0},"end":{"line":3,"column":13}}},"fnMap":{"0":{"name":"(anonymous_0)","decl":{"start":{"line":8,"column":2},"end":{"line":8,"column":14}},"loc":{"start":{"line":8,"column":63},"end":{"line":15,"column":3}}}},"branchMap":{"0":{"loc":{"start":{"line":9,"column":4},"end":{"line":11,"column":5}},"type":"if","locations":[{"start":{"line":9,"column":4},"end":{"line":11,"column":5}},{"start":{},"end":{}}]}},"s":{"0":81,"1":1,"2":80,"3":80,"4":80,"5":1},"f":{"0":81},"b":{"0":[1,80]}}
,"/Users/archiesdubey/Desktop/Code.nosync/Store-checkout/src/pricing-rules/BulkDiscountRule.ts": {"path":"/Users/archiesdubey/Desktop/Code.nosync/Store-checkout/src/pricing-rules/BulkDiscountRule.ts","statementMap":{"0":{"start":{"line":1,"column":0},"end":{"line":1,"column":52}},"1":{"start":{"line":10,"column":4},"end":{"line":10,"column":15}},"2":{"start":{"line":7,"column":12},"end":{"line":7,"column":31}},"3":{"start":{"line":11,"column":4},"end":{"line":11,"column":35}},"4":{"start":{"line":12,"column":4},"end":{"line":12,"column":73}},"5":{"start":{"line":14,"column":4},"end":{"line":16,"column":5}},"6":{"start":{"line":15,"column":6},"end":{"line":15,"column":52}},"7":{"start":{"line":17,"column":4},"end":{"line":19,"column":5}},"8":{"start":{"line":18,"column":6},"end":{"line":18,"column":59}},"9":{"start":{"line":23,"column":4},"end":{"line":25,"column":5}},"10":{"start":{"line":24,"column":6},"end":{"line":24,"column":50}},"11":{"start":{"line":26,"column":4},"end":{"line":26,"column":39}},"12":{"start":{"line":3,"column":0},"end":{"line":3,"column":13}}},"fnMap":{"0":{"name":"(anonymous_0)","decl":{"start":{"line":5,"column":2},"end":{"line":5,"column":null}},"loc":{"start":{"line":8,"column":34},"end":{"line":20,"column":3}}},"1":{"name":"(anonymous_1)","decl":{"start":{"line":22,"column":2},"end":{"line":22,"column":16}},"loc":{"start":{"line":22,"column":59},"end":{"line":27,"column":3}}}},"branchMap":{"0":{"loc":{"start":{"line":14,"column":4},"end":{"line":16,"column":5}},"type":"if","locations":[{"start":{"line":14,"column":4},"end":{"line":16,"column":5}},{"start":{},"end":{}}]},"1":{"loc":{"start":{"line":17,"column":4},"end":{"line":19,"column":5}},"type":"if","locations":[{"start":{"line":17,"column":4},"end":{"line":19,"column":5}},{"start":{},"end":{}}]},"2":{"loc":{"start":{"line":23,"column":4},"end":{"line":25,"column":5}},"type":"if","locations":[{"start":{"line":23,"column":4},"end":{"line":25,"column":5}},{"start":{},"end":{}}]}},"s":{"0":1,"1":21,"2":21,"3":21,"4":21,"5":21,"6":1,"7":20,"8":1,"9":9,"10":6,"11":3,"12":1},"f":{"0":21,"1":9},"b":{"0":[1,20],"1":[1,19],"2":[6,3]}}
,"/Users/archiesdubey/Desktop/Code.nosync/Store-checkout/src/pricing-rules/BuyXGetYFreeRule.ts": {"path":"/Users/archiesdubey/Desktop/Code.nosync/Store-checkout/src/pricing-rules/BuyXGetYFreeRule.ts","statementMap":{"0":{"start":{"line":1,"column":0},"end":{"line":1,"column":52}},"1":{"start":{"line":8,"column":4},"end":{"line":8,"column":15}},"2":{"start":{"line":9,"column":4},"end":{"line":9,"column":35}},"3":{"start":{"line":10,"column":4},"end":{"line":10,"column":37}},"4":{"start":{"line":12,"column":4},"end":{"line":14,"column":5}},"5":{"start":{"line":13,"column":6},"end":{"line":13,"column":66}},"6":{"start":{"line":18,"column":4},"end":{"line":20,"column":5}},"7":{"start":{"line":19,"column":6},"end":{"line":19,"column":41}},"8":{"start":{"line":22,"column":26},"end":{"line":22,"column":62}},"9":{"start":{"line":23,"column":26},"end":{"line":23,"column":62}},"10":{"start":{"line":24,"column":27},"end":{"line":24,"column":51}},"11":{"start":{"line":26,"column":22},"end":{"line":27,"column":63}},"12":{"start":{"line":29,"column":4},"end":{"line":29,"column":40}},"13":{"start":{"line":3,"column":0},"end":{"line":3,"column":13}}},"fnMap":{"0":{"name":"(anonymous_0)","decl":{"start":{"line":7,"column":2},"end":{"line":7,"column":14}},"loc":{"start":{"line":7,"column":72},"end":{"line":15,"column":3}}},"1":{"name":"(anonymous_1)","decl":{"start":{"line":17,"column":2},"end":{"line":17,"column":16}},"loc":{"start":{"line":17,"column":59},"end":{"line":30,"column":3}}}},"branchMap":{"0":{"loc":{"start":{"line":7,"column":48},"end":{"line":7,"column":72}},"type":"default-arg","locations":[{"start":{"line":7,"column":71},"end":{"line":7,"column":72}}]},"1":{"loc":{"start":{"line":12,"column":4},"end":{"line":14,"column":5}},"type":"if","locations":[{"start":{"line":12,"column":4},"end":{"line":14,"column":5}},{"start":{},"end":{}}]},"2":{"loc":{"start":{"line":12,"column":8},"end":{"line":12,"column":45}},"type":"binary-expr","locations":[{"start":{"line":12,"column":8},"end":{"line":12,"column":24}},{"start":{"line":12,"column":28},"end":{"line":12,"column":45}}]},"3":{"loc":{"start":{"line":18,"column":4},"end":{"line":20,"column":5}},"type":"if","locations":[{"start":{"line":18,"column":4},"end":{"line":20,"column":5}},{"start":{},"end":{}}]}},"s":{"0":1,"1":21,"2":21,"3":21,"4":21,"5":2,"6":13,"7":2,"8":11,"9":11,"10":11,"11":11,"12":11,"13":1},"f":{"0":21,"1":13},"b":{"0":[0],"1":[2,19],"2":[21,20],"3":[2,11]}}
,"/Users/archiesdubey/Desktop/Code.nosync/Store-checkout/src/pricing-rules/PricingRule.ts": {"path":"/Users/archiesdubey/Desktop/Code.nosync/Store-checkout/src/pricing-rules/PricingRule.ts","statementMap":{"0":{"start":{"line":4,"column":24},"end":{"line":4,"column":35}},"1":{"start":{"line":7,"column":4},"end":{"line":7,"column":28}},"2":{"start":{"line":3,"column":0},"end":{"line":3,"column":22}}},"fnMap":{"0":{"name":"(anonymous_0)","decl":{"start":{"line":4,"column":2},"end":{"line":4,"column":24}},"loc":{"start":{"line":4,"column":35},"end":{"line":4,"column":39}}},"1":{"name":"(anonymous_1)","decl":{"start":{"line":6,"column":2},"end":{"line":6,"column":9}},"loc":{"start":{"line":6,"column":21},"end":{"line":8,"column":3}}}},"branchMap":{},"s":{"0":42,"1":42,"2":1},"f":{"0":42,"1":42},"b":{}}
,"/Users/archiesdubey/Desktop/Code.nosync/Store-checkout/src/services/ProductCatalog.ts": {"path":"/Users/archiesdubey/Desktop/Code.nosync/Store-checkout/src/services/ProductCatalog.ts","statementMap":{"0":{"start":{"line":2,"column":0},"end":{"line":2,"column":49}},"1":{"start":{"line":3,"column":0},"end":{"line":3,"column":25}},"2":{"start":{"line":6,"column":10},"end":{"line":6,"column":53}},"3":{"start":{"line":9,"column":4},"end":{"line":11,"column":7}},"4":{"start":{"line":10,"column":6},"end":{"line":10,"column":46}},"5":{"start":{"line":15,"column":25},"end":{"line":15,"column":80}},"6":{"start":{"line":16,"column":21},"end":{"line":17,"column":null}},"7":{"start":{"line":17,"column":18},"end":{"line":17,"column":58}},"8":{"start":{"line":19,"column":4},"end":{"line":19,"column":40}},"9":{"start":{"line":23,"column":4},"end":{"line":23,"column":40}},"10":{"start":{"line":27,"column":20},"end":{"line":27,"column":42}},"11":{"start":{"line":28,"column":4},"end":{"line":30,"column":5}},"12":{"start":{"line":29,"column":6},"end":{"line":29,"column":61}},"13":{"start":{"line":31,"column":4},"end":{"line":31,"column":19}},"14":{"start":{"line":35,"column":4},"end":{"line":35,"column":34}},"15":{"start":{"line":5,"column":0},"end":{"line":5,"column":13}}},"fnMap":{"0":{"name":"(anonymous_9)","decl":{"start":{"line":8,"column":2},"end":{"line":8,"column":22}},"loc":{"start":{"line":8,"column":41},"end":{"line":12,"column":3}}},"1":{"name":"(anonymous_10)","decl":{"start":{"line":9,"column":21},"end":{"line":9,"column":28}},"loc":{"start":{"line":9,"column":31},"end":{"line":11,"column":5}}},"2":{"name":"(anonymous_11)","decl":{"start":{"line":14,"column":2},"end":{"line":14,"column":8}},"loc":{"start":{"line":14,"column":34},"end":{"line":20,"column":3}}},"3":{"name":"(anonymous_12)","decl":{"start":{"line":17,"column":6},"end":{"line":17,"column":7}},"loc":{"start":{"line":17,"column":18},"end":{"line":17,"column":58}}},"4":{"name":"(anonymous_13)","decl":{"start":{"line":22,"column":2},"end":{"line":22,"column":8}},"loc":{"start":{"line":22,"column":43},"end":{"line":24,"column":3}}},"5":{"name":"(anonymous_14)","decl":{"start":{"line":26,"column":2},"end":{"line":26,"column":12}},"loc":{"start":{"line":26,"column":24},"end":{"line":32,"column":3}}},"6":{"name":"(anonymous_15)","decl":{"start":{"line":34,"column":2},"end":{"line":34,"column":12}},"loc":{"start":{"line":34,"column":24},"end":{"line":36,"column":3}}}},"branchMap":{"0":{"loc":{"start":{"line":28,"column":4},"end":{"line":30,"column":5}},"type":"if","locations":[{"start":{"line":28,"column":4},"end":{"line":30,"column":5}},{"start":{},"end":{}}]}},"s":{"0":1,"1":1,"2":20,"3":20,"4":80,"5":20,"6":20,"7":80,"8":20,"9":0,"10":23,"11":23,"12":1,"13":22,"14":69,"15":1},"f":{"0":20,"1":80,"2":20,"3":80,"4":0,"5":23,"6":69},"b":{"0":[1,22]}}
}
