TN:
SF:src/Checkout.ts
FN:13,(anonymous_9)
FN:18,(anonymous_10)
FN:27,(anonymous_11)
FN:32,(anonymous_12)
FN:49,(anonymous_13)
FN:54,(anonymous_14)
FNF:6
FNH:5
FNDA:17,(anonymous_9)
FNDA:65,(anonymous_10)
FNDA:16,(anonymous_11)
FNDA:42,(anonymous_12)
FNDA:0,(anonymous_13)
FNDA:2,(anonymous_14)
DA:2,1
DA:6,1
DA:8,1
DA:9,17
DA:14,17
DA:15,17
DA:19,65
DA:20,1
DA:23,64
DA:24,64
DA:28,16
DA:30,16
DA:31,21
DA:32,42
DA:34,21
DA:37,21
DA:38,14
DA:39,14
DA:42,21
DA:45,16
DA:50,0
DA:55,2
LF:22
LH:21
BRDA:13,0,0,0
BRDA:15,1,0,17
BRDA:15,1,1,0
BRDA:19,2,0,1
BRDA:19,2,1,64
BRDA:23,3,0,64
BRDA:23,3,1,24
BRF:7
BRH:5
end_of_record
TN:
SF:src/models/Product.ts
FN:8,(anonymous_0)
FNF:1
FNH:1
FNDA:81,(anonymous_0)
DA:3,1
DA:9,81
DA:10,1
DA:12,80
DA:13,80
DA:14,80
LF:6
LH:6
BRDA:9,0,0,1
BRDA:9,0,1,80
BRF:2
BRH:2
end_of_record
TN:
SF:src/pricing-rules/BulkDiscountRule.ts
FN:5,(anonymous_0)
FN:22,(anonymous_1)
FNF:2
FNH:2
FNDA:21,(anonymous_0)
FNDA:9,(anonymous_1)
DA:1,1
DA:3,1
DA:7,21
DA:10,21
DA:11,21
DA:12,21
DA:14,21
DA:15,1
DA:17,20
DA:18,1
DA:23,9
DA:24,6
DA:26,3
LF:13
LH:13
BRDA:14,0,0,1
BRDA:14,0,1,20
BRDA:17,1,0,1
BRDA:17,1,1,19
BRDA:23,2,0,6
BRDA:23,2,1,3
BRF:6
BRH:6
end_of_record
TN:
SF:src/pricing-rules/BuyXGetYFreeRule.ts
FN:7,(anonymous_0)
FN:17,(anonymous_1)
FNF:2
FNH:2
FNDA:21,(anonymous_0)
FNDA:13,(anonymous_1)
DA:1,1
DA:3,1
DA:8,21
DA:9,21
DA:10,21
DA:12,21
DA:13,2
DA:18,13
DA:19,2
DA:22,11
DA:23,11
DA:24,11
DA:26,11
DA:29,11
LF:14
LH:14
BRDA:7,0,0,0
BRDA:12,1,0,2
BRDA:12,1,1,19
BRDA:12,2,0,21
BRDA:12,2,1,20
BRDA:18,3,0,2
BRDA:18,3,1,11
BRF:7
BRH:6
end_of_record
TN:
SF:src/pricing-rules/PricingRule.ts
FN:4,(anonymous_0)
FN:6,(anonymous_1)
FNF:2
FNH:2
FNDA:42,(anonymous_0)
FNDA:42,(anonymous_1)
DA:3,1
DA:4,42
DA:7,42
LF:3
LH:3
BRF:0
BRH:0
end_of_record
TN:
SF:src/services/ProductCatalog.ts
FN:8,(anonymous_9)
FN:9,(anonymous_10)
FN:14,(anonymous_11)
FN:17,(anonymous_12)
FN:22,(anonymous_13)
FN:26,(anonymous_14)
FN:34,(anonymous_15)
FNF:7
FNH:6
FNDA:20,(anonymous_9)
FNDA:80,(anonymous_10)
FNDA:20,(anonymous_11)
FNDA:80,(anonymous_12)
FNDA:0,(anonymous_13)
FNDA:23,(anonymous_14)
FNDA:69,(anonymous_15)
DA:2,1
DA:3,1
DA:5,1
DA:6,20
DA:9,20
DA:10,80
DA:15,20
DA:16,20
DA:17,80
DA:19,20
DA:23,0
DA:27,23
DA:28,23
DA:29,1
DA:31,22
DA:35,69
LF:16
LH:15
BRDA:28,0,0,1
BRDA:28,0,1,22
BRF:2
BRH:2
end_of_record
